Determining if the pthread_create exist failed with the following output:
Change Dir: /home/mjz/mjzcoin/build/release/CMakeFiles/CMakeTmp

Run Build Command:"/usr/bin/make" "cmTryCompileExec1208892022/fast"
make[1]: Entering directory `/home/mjz/mjzcoin/build/release/CMakeFiles/CMakeTmp'
/usr/bin/make -f CMakeFiles/cmTryCompileExec1208892022.dir/build.make CMakeFiles/cmTryCompileExec1208892022.dir/build
make[2]: Entering directory `/home/mjz/mjzcoin/build/release/CMakeFiles/CMakeTmp'
/usr/bin/cmake -E cmake_progress_report /home/mjz/mjzcoin/build/release/CMakeFiles/CMakeTmp/CMakeFiles 1
Building C object CMakeFiles/cmTryCompileExec1208892022.dir/CheckSymbolExists.c.o
/usr/bin/cc   -std=c11  -Wall -Wextra -Wpointer-arith -Wundef -Wvla -Wwrite-strings -Werror -Wno-error=extra -Wno-error=unused-function -Wno-error=deprecated-declarations -Wno-error=sign-compare -Wno-error=strict-aliasing -Wno-error=type-limits -Wno-unused-parameter -Wno-error=unused-variable -Wno-error=undef -Wno-error=uninitialized -Wno-error=unused-result -Wlogical-op -Wno-error=maybe-uninitialized -Wno-error=clobbered -Wno-error=unused-but-set-variable -Waggregate-return -Wnested-externs -Wold-style-definition -Wstrict-prototypes -march=native -maes    -o CMakeFiles/cmTryCompileExec1208892022.dir/CheckSymbolExists.c.o   -c /home/mjz/mjzcoin/build/release/CMakeFiles/CMakeTmp/CheckSymbolExists.c
Linking C executable cmTryCompileExec1208892022
/usr/bin/cmake -E cmake_link_script CMakeFiles/cmTryCompileExec1208892022.dir/link.txt --verbose=1
/usr/bin/cc   -std=c11  -Wall -Wextra -Wpointer-arith -Wundef -Wvla -Wwrite-strings -Werror -Wno-error=extra -Wno-error=unused-function -Wno-error=deprecated-declarations -Wno-error=sign-compare -Wno-error=strict-aliasing -Wno-error=type-limits -Wno-unused-parameter -Wno-error=unused-variable -Wno-error=undef -Wno-error=uninitialized -Wno-error=unused-result -Wlogical-op -Wno-error=maybe-uninitialized -Wno-error=clobbered -Wno-error=unused-but-set-variable -Waggregate-return -Wnested-externs -Wold-style-definition -Wstrict-prototypes -march=native -maes     CMakeFiles/cmTryCompileExec1208892022.dir/CheckSymbolExists.c.o  -o cmTryCompileExec1208892022 -rdynamic 
CMakeFiles/cmTryCompileExec1208892022.dir/CheckSymbolExists.c.o: 於函式 main:
CheckSymbolExists.c:(.text+0xa): 未定義參考到 pthread_create
collect2: error: ld returned 1 exit status
make[2]: *** [cmTryCompileExec1208892022] Error 1
make[2]: Leaving directory `/home/mjz/mjzcoin/build/release/CMakeFiles/CMakeTmp'
make[1]: *** [cmTryCompileExec1208892022/fast] Error 2
make[1]: Leaving directory `/home/mjz/mjzcoin/build/release/CMakeFiles/CMakeTmp'

File /home/mjz/mjzcoin/build/release/CMakeFiles/CMakeTmp/CheckSymbolExists.c:
/* */
#include <pthread.h>

int main(int argc, char** argv)
{
  (void)argv;
#ifndef pthread_create
  return ((int*)(&pthread_create))[argc];
#else
  (void)argc;
  return 0;
#endif
}

Determining if the function pthread_create exists in the pthreads failed with the following output:
Change Dir: /home/mjz/mjzcoin/build/release/CMakeFiles/CMakeTmp

Run Build Command:"/usr/bin/make" "cmTryCompileExec520366450/fast"
make[1]: Entering directory `/home/mjz/mjzcoin/build/release/CMakeFiles/CMakeTmp'
/usr/bin/make -f CMakeFiles/cmTryCompileExec520366450.dir/build.make CMakeFiles/cmTryCompileExec520366450.dir/build
make[2]: Entering directory `/home/mjz/mjzcoin/build/release/CMakeFiles/CMakeTmp'
/usr/bin/cmake -E cmake_progress_report /home/mjz/mjzcoin/build/release/CMakeFiles/CMakeTmp/CMakeFiles 1
Building C object CMakeFiles/cmTryCompileExec520366450.dir/CheckFunctionExists.c.o
/usr/bin/cc   -std=c11  -Wall -Wextra -Wpointer-arith -Wundef -Wvla -Wwrite-strings -Werror -Wno-error=extra -Wno-error=unused-function -Wno-error=deprecated-declarations -Wno-error=sign-compare -Wno-error=strict-aliasing -Wno-error=type-limits -Wno-unused-parameter -Wno-error=unused-variable -Wno-error=undef -Wno-error=uninitialized -Wno-error=unused-result -Wlogical-op -Wno-error=maybe-uninitialized -Wno-error=clobbered -Wno-error=unused-but-set-variable -Waggregate-return -Wnested-externs -Wold-style-definition -Wstrict-prototypes -march=native -maes -DCHECK_FUNCTION_EXISTS=pthread_create   -o CMakeFiles/cmTryCompileExec520366450.dir/CheckFunctionExists.c.o   -c /usr/share/cmake-3.2/Modules/CheckFunctionExists.c
/usr/share/cmake-3.2/Modules/CheckFunctionExists.c:3:1: error: function declaration isn’t a prototype [-Werror=strict-prototypes]
 char CHECK_FUNCTION_EXISTS();
 ^
cc1: all warnings being treated as errors
make[2]: *** [CMakeFiles/cmTryCompileExec520366450.dir/CheckFunctionExists.c.o] Error 1
make[2]: Leaving directory `/home/mjz/mjzcoin/build/release/CMakeFiles/CMakeTmp'
make[1]: *** [cmTryCompileExec520366450/fast] Error 2
make[1]: Leaving directory `/home/mjz/mjzcoin/build/release/CMakeFiles/CMakeTmp'


Determining if the function pthread_create exists in the pthread failed with the following output:
Change Dir: /home/mjz/mjzcoin/build/release/CMakeFiles/CMakeTmp

Run Build Command:"/usr/bin/make" "cmTryCompileExec2118283150/fast"
make[1]: Entering directory `/home/mjz/mjzcoin/build/release/CMakeFiles/CMakeTmp'
/usr/bin/make -f CMakeFiles/cmTryCompileExec2118283150.dir/build.make CMakeFiles/cmTryCompileExec2118283150.dir/build
make[2]: Entering directory `/home/mjz/mjzcoin/build/release/CMakeFiles/CMakeTmp'
/usr/bin/cmake -E cmake_progress_report /home/mjz/mjzcoin/build/release/CMakeFiles/CMakeTmp/CMakeFiles 1
Building C object CMakeFiles/cmTryCompileExec2118283150.dir/CheckFunctionExists.c.o
/usr/bin/cc   -std=c11  -Wall -Wextra -Wpointer-arith -Wundef -Wvla -Wwrite-strings -Werror -Wno-error=extra -Wno-error=unused-function -Wno-error=deprecated-declarations -Wno-error=sign-compare -Wno-error=strict-aliasing -Wno-error=type-limits -Wno-unused-parameter -Wno-error=unused-variable -Wno-error=undef -Wno-error=uninitialized -Wno-error=unused-result -Wlogical-op -Wno-error=maybe-uninitialized -Wno-error=clobbered -Wno-error=unused-but-set-variable -Waggregate-return -Wnested-externs -Wold-style-definition -Wstrict-prototypes -march=native -maes -DCHECK_FUNCTION_EXISTS=pthread_create   -o CMakeFiles/cmTryCompileExec2118283150.dir/CheckFunctionExists.c.o   -c /usr/share/cmake-3.2/Modules/CheckFunctionExists.c
/usr/share/cmake-3.2/Modules/CheckFunctionExists.c:3:1: error: function declaration isn’t a prototype [-Werror=strict-prototypes]
 char CHECK_FUNCTION_EXISTS();
 ^
cc1: all warnings being treated as errors
make[2]: *** [CMakeFiles/cmTryCompileExec2118283150.dir/CheckFunctionExists.c.o] Error 1
make[2]: Leaving directory `/home/mjz/mjzcoin/build/release/CMakeFiles/CMakeTmp'
make[1]: *** [cmTryCompileExec2118283150/fast] Error 2
make[1]: Leaving directory `/home/mjz/mjzcoin/build/release/CMakeFiles/CMakeTmp'


